2025-03-25 15:29:41,097 | sd | INFO | setup_common | Terminal screen cleared successfully
2025-03-25 15:31:16,030 | sd | INFO | setup_common | Kohya_ss GUI version: v24.2.0

2025-03-25 15:31:16,033 | sd | INFO | setup_common | Python version is 3.10.11 (tags/v3.10.11:7d4cc5a, Apr  5 2023, 00:38:17) [MSC v.1929 64 bit (AMD64)]
2025-03-25 15:31:38,328 | sd | INFO | setup_common | Submodule initialized and updated.
2025-03-25 15:31:38,337 | sd | INFO | setup_common | Installing/Validating requirements from requirements_pytorch_windows.txt...
2025-03-25 15:31:40,927 | sd | INFO | setup_common | Looking in indexes: https://pypi.org/simple, https://download.pytorch.org/whl/cu124
2025-03-25 15:31:40,998 | sd | INFO | setup_common | Obtaining file:///D:/Finetune/Finetune/sd-scripts (from -r requirements.txt (line 38))
2025-03-25 15:31:40,999 | sd | INFO | setup_common | Preparing metadata (setup.py): started
2025-03-25 15:31:42,470 | sd | INFO | setup_common | Preparing metadata (setup.py): finished with status 'done'
2025-03-25 15:31:43,739 | sd | INFO | setup_common | Collecting torch==2.5.0+cu124
2025-03-25 15:31:56,638 | sd | INFO | setup_common | Using cached https://download.pytorch.org/whl/cu124/torch-2.5.0%2Bcu124-cp310-cp310-win_amd64.whl (2510.8 MB)
2025-03-25 15:32:03,079 | sd | INFO | setup_common | Collecting torchvision==0.20.0+cu124
2025-03-25 15:32:03,190 | sd | INFO | setup_common | Using cached https://download.pytorch.org/whl/cu124/torchvision-0.20.0%2Bcu124-cp310-cp310-win_amd64.whl (6.1 MB)
2025-03-25 15:32:03,872 | sd | INFO | setup_common | Collecting xformers==0.0.28.post2
2025-03-25 15:32:04,791 | sd | INFO | setup_common | Using cached https://download.pytorch.org/whl/cu124/xformers-0.0.28.post2-cp310-cp310-win_amd64.whl (168.8 MB)
2025-03-25 15:32:05,909 | sd | INFO | setup_common | Collecting bitsandbytes==0.44.0
2025-03-25 15:32:06,059 | sd | INFO | setup_common | Using cached bitsandbytes-0.44.0-py3-none-win_amd64.whl (121.5 MB)
2025-03-25 15:32:07,079 | sd | INFO | setup_common | Collecting tensorboard
2025-03-25 15:32:07,091 | sd | INFO | setup_common | Using cached tensorboard-2.19.0-py3-none-any.whl (5.5 MB)
2025-03-25 15:32:07,790 | sd | INFO | setup_common | Collecting tensorflow>=2.16.1
2025-03-25 15:32:08,228 | sd | INFO | setup_common | Using cached tensorflow-2.19.0-cp310-cp310-win_amd64.whl (375.7 MB)
2025-03-25 15:32:09,810 | sd | INFO | setup_common | Collecting onnxruntime-gpu==1.19.2
2025-03-25 15:32:10,105 | sd | INFO | setup_common | Using cached onnxruntime_gpu-1.19.2-cp310-cp310-win_amd64.whl (226.4 MB)
2025-03-25 15:32:11,350 | sd | INFO | setup_common | Collecting accelerate==0.33.0
2025-03-25 15:32:11,362 | sd | INFO | setup_common | Using cached accelerate-0.33.0-py3-none-any.whl (315 kB)
2025-03-25 15:32:11,980 | sd | INFO | setup_common | Collecting aiofiles==23.2.1
2025-03-25 15:32:11,985 | sd | INFO | setup_common | Using cached aiofiles-23.2.1-py3-none-any.whl (15 kB)
2025-03-25 15:32:12,596 | sd | INFO | setup_common | Collecting altair==4.2.2
2025-03-25 15:32:12,599 | sd | INFO | setup_common | Using cached altair-4.2.2-py3-none-any.whl (813 kB)
2025-03-25 15:32:13,229 | sd | INFO | setup_common | Collecting dadaptation==3.2
2025-03-25 15:32:13,230 | sd | INFO | setup_common | Using cached dadaptation-3.2-py3-none-any.whl
2025-03-25 15:32:13,930 | sd | INFO | setup_common | Collecting diffusers[torch]==0.25.0
2025-03-25 15:32:13,936 | sd | INFO | setup_common | Using cached diffusers-0.25.0-py3-none-any.whl (1.8 MB)
2025-03-25 15:32:14,553 | sd | INFO | setup_common | Collecting easygui==0.98.3
2025-03-25 15:32:14,558 | sd | INFO | setup_common | Using cached easygui-0.98.3-py2.py3-none-any.whl (92 kB)
2025-03-25 15:32:15,193 | sd | INFO | setup_common | Collecting einops==0.7.0
2025-03-25 15:32:15,195 | sd | INFO | setup_common | Using cached einops-0.7.0-py3-none-any.whl (44 kB)
2025-03-25 15:32:15,834 | sd | INFO | setup_common | Collecting fairscale==0.4.13
2025-03-25 15:32:15,836 | sd | INFO | setup_common | Using cached fairscale-0.4.13-py3-none-any.whl
2025-03-25 15:32:16,453 | sd | INFO | setup_common | Collecting ftfy==6.1.1
2025-03-25 15:32:16,548 | sd | INFO | setup_common | Using cached ftfy-6.1.1-py3-none-any.whl (53 kB)
2025-03-25 15:32:16,826 | sd | INFO | setup_common | Collecting gradio==5.4.0
2025-03-25 15:32:16,903 | sd | INFO | setup_common | Using cached gradio-5.4.0-py3-none-any.whl (56.7 MB)
2025-03-25 15:32:17,795 | sd | INFO | setup_common | Collecting huggingface-hub==0.25.2
2025-03-25 15:32:17,798 | sd | INFO | setup_common | Using cached huggingface_hub-0.25.2-py3-none-any.whl (436 kB)
2025-03-25 15:32:18,416 | sd | INFO | setup_common | Collecting imagesize==1.4.1
2025-03-25 15:32:18,423 | sd | INFO | setup_common | Using cached imagesize-1.4.1-py2.py3-none-any.whl (8.8 kB)
2025-03-25 15:32:19,197 | sd | INFO | setup_common | Collecting invisible-watermark==0.2.0
2025-03-25 15:32:19,203 | sd | INFO | setup_common | Using cached invisible_watermark-0.2.0-py3-none-any.whl (1.6 MB)
2025-03-25 15:32:19,841 | sd | INFO | setup_common | Collecting lion-pytorch==0.0.6
2025-03-25 15:32:19,843 | sd | INFO | setup_common | Using cached lion_pytorch-0.0.6-py3-none-any.whl (4.2 kB)
2025-03-25 15:32:20,477 | sd | INFO | setup_common | Collecting lycoris_lora==3.1.0
2025-03-25 15:32:20,479 | sd | INFO | setup_common | Using cached lycoris_lora-3.1.0.tar.gz (51 kB)
2025-03-25 15:32:20,611 | sd | INFO | setup_common | Preparing metadata (setup.py): started
2025-03-25 15:32:22,023 | sd | INFO | setup_common | Preparing metadata (setup.py): finished with status 'done'
2025-03-25 15:32:22,474 | sd | INFO | setup_common | Collecting omegaconf==2.3.0
2025-03-25 15:32:22,475 | sd | INFO | setup_common | Using cached omegaconf-2.3.0-py3-none-any.whl (79 kB)
2025-03-25 15:32:23,134 | sd | INFO | setup_common | Collecting onnx==1.16.1
2025-03-25 15:32:23,157 | sd | INFO | setup_common | Using cached onnx-1.16.1-cp310-cp310-win_amd64.whl (14.4 MB)
2025-03-25 15:32:23,908 | sd | INFO | setup_common | Collecting prodigyopt==1.0
2025-03-25 15:32:23,911 | sd | INFO | setup_common | Using cached prodigyopt-1.0-py3-none-any.whl (5.5 kB)
2025-03-25 15:32:24,652 | sd | INFO | setup_common | Collecting protobuf==3.20.3
2025-03-25 15:32:24,656 | sd | INFO | setup_common | Using cached protobuf-3.20.3-cp310-cp310-win_amd64.whl (904 kB)
2025-03-25 15:32:25,324 | sd | INFO | setup_common | Collecting open-clip-torch==2.20.0
2025-03-25 15:32:25,329 | sd | INFO | setup_common | Using cached open_clip_torch-2.20.0-py3-none-any.whl (1.5 MB)
2025-03-25 15:32:25,708 | sd | INFO | setup_common | Collecting opencv-python==4.10.0.84
2025-03-25 15:32:25,752 | sd | INFO | setup_common | Using cached opencv_python-4.10.0.84-cp37-abi3-win_amd64.whl (38.8 MB)
2025-03-25 15:32:26,538 | sd | INFO | setup_common | Collecting prodigy-plus-schedule-free==1.8.0
2025-03-25 15:32:26,540 | sd | INFO | setup_common | Using cached prodigy_plus_schedule_free-1.8.0-py3-none-any.whl (18 kB)
2025-03-25 15:32:26,879 | sd | INFO | setup_common | Collecting pytorch-lightning==1.9.0
2025-03-25 15:32:26,883 | sd | INFO | setup_common | Using cached pytorch_lightning-1.9.0-py3-none-any.whl (825 kB)
2025-03-25 15:32:27,268 | sd | INFO | setup_common | Collecting safetensors==0.4.4
2025-03-25 15:32:27,273 | sd | INFO | setup_common | Using cached safetensors-0.4.4-cp310-none-win_amd64.whl (285 kB)
2025-03-25 15:32:27,897 | sd | INFO | setup_common | Collecting schedulefree==1.4
2025-03-25 15:32:27,898 | sd | INFO | setup_common | Using cached schedulefree-1.4-py3-none-any.whl
2025-03-25 15:32:28,579 | sd | INFO | setup_common | Collecting scipy==1.11.4
2025-03-25 15:32:28,630 | sd | INFO | setup_common | Using cached scipy-1.11.4-cp310-cp310-win_amd64.whl (44.1 MB)
2025-03-25 15:32:29,465 | sd | INFO | setup_common | Collecting sentencepiece==0.2.0
2025-03-25 15:32:29,469 | sd | INFO | setup_common | Using cached sentencepiece-0.2.0-cp310-cp310-win_amd64.whl (991 kB)
2025-03-25 15:32:30,130 | sd | INFO | setup_common | Collecting timm==0.6.12
2025-03-25 15:32:30,135 | sd | INFO | setup_common | Using cached timm-0.6.12-py3-none-any.whl (549 kB)
2025-03-25 15:32:30,757 | sd | INFO | setup_common | Collecting tk==0.1.0
2025-03-25 15:32:30,760 | sd | INFO | setup_common | Using cached tk-0.1.0-py3-none-any.whl (3.9 kB)
2025-03-25 15:32:31,075 | sd | INFO | setup_common | Collecting toml==0.10.2
2025-03-25 15:32:31,078 | sd | INFO | setup_common | Using cached toml-0.10.2-py2.py3-none-any.whl (16 kB)
2025-03-25 15:32:31,415 | sd | INFO | setup_common | Collecting transformers==4.44.2
2025-03-25 15:32:31,428 | sd | INFO | setup_common | Using cached transformers-4.44.2-py3-none-any.whl (9.5 MB)
2025-03-25 15:32:31,794 | sd | INFO | setup_common | Collecting voluptuous==0.13.1
2025-03-25 15:32:31,799 | sd | INFO | setup_common | Using cached voluptuous-0.13.1-py3-none-any.whl (29 kB)
2025-03-25 15:32:32,158 | sd | INFO | setup_common | Collecting wandb==0.18.0
2025-03-25 15:32:32,169 | sd | INFO | setup_common | Using cached wandb-0.18.0-py3-none-win_amd64.whl (6.6 MB)
2025-03-25 15:32:32,908 | sd | INFO | setup_common | Collecting fsspec
2025-03-25 15:32:32,915 | sd | INFO | setup_common | Using cached fsspec-2025.3.0-py3-none-any.whl (193 kB)
2025-03-25 15:32:33,559 | sd | INFO | setup_common | Collecting jinja2
2025-03-25 15:32:33,562 | sd | INFO | setup_common | Using cached jinja2-3.1.6-py3-none-any.whl (134 kB)
2025-03-25 15:32:34,221 | sd | INFO | setup_common | Collecting networkx
2025-03-25 15:32:34,228 | sd | INFO | setup_common | Using cached networkx-3.4.2-py3-none-any.whl (1.7 MB)
2025-03-25 15:32:34,865 | sd | INFO | setup_common | Collecting filelock
2025-03-25 15:32:34,868 | sd | INFO | setup_common | Using cached filelock-3.18.0-py3-none-any.whl (16 kB)
2025-03-25 15:32:35,203 | sd | INFO | setup_common | Collecting sympy==1.13.1
2025-03-25 15:32:35,317 | sd | INFO | setup_common | Using cached https://download.pytorch.org/whl/sympy-1.13.1-py3-none-any.whl (6.2 MB)
2025-03-25 15:32:35,791 | sd | INFO | setup_common | Collecting numpy
2025-03-25 15:32:35,808 | sd | INFO | setup_common | Using cached numpy-2.2.4-cp310-cp310-win_amd64.whl (12.9 MB)
2025-03-25 15:32:36,311 | sd | INFO | setup_common | Collecting pillow!=8.3.*,>=5.3.0
2025-03-25 15:32:36,320 | sd | INFO | setup_common | Using cached pillow-11.1.0-cp310-cp310-win_amd64.whl (2.6 MB)
2025-03-25 15:32:36,979 | sd | INFO | setup_common | Collecting coloredlogs
2025-03-25 15:32:36,982 | sd | INFO | setup_common | Using cached coloredlogs-15.0.1-py2.py3-none-any.whl (46 kB)
2025-03-25 15:32:37,598 | sd | INFO | setup_common | Collecting flatbuffers
2025-03-25 15:32:37,605 | sd | INFO | setup_common | Using cached flatbuffers-25.2.10-py2.py3-none-any.whl (30 kB)
2025-03-25 15:32:38,325 | sd | INFO | setup_common | Collecting psutil
2025-03-25 15:32:38,328 | sd | INFO | setup_common | Using cached psutil-7.0.0-cp37-abi3-win_amd64.whl (244 kB)
2025-03-25 15:32:38,980 | sd | INFO | setup_common | Collecting pyyaml
2025-03-25 15:32:38,982 | sd | INFO | setup_common | Using cached PyYAML-6.0.2-cp310-cp310-win_amd64.whl (161 kB)
2025-03-25 15:32:39,000 | sd | INFO | setup_common | Collecting numpy
2025-03-25 15:32:39,024 | sd | INFO | setup_common | Using cached numpy-1.26.4-cp310-cp310-win_amd64.whl (15.8 MB)
2025-03-25 15:32:39,895 | sd | INFO | setup_common | Collecting pandas>=0.18
2025-03-25 15:32:39,911 | sd | INFO | setup_common | Using cached pandas-2.2.3-cp310-cp310-win_amd64.whl (11.6 MB)
2025-03-25 15:32:40,613 | sd | INFO | setup_common | Collecting toolz
2025-03-25 15:32:40,615 | sd | INFO | setup_common | Using cached toolz-1.0.0-py3-none-any.whl (56 kB)
2025-03-25 15:32:40,937 | sd | INFO | setup_common | Collecting entrypoints
2025-03-25 15:32:40,940 | sd | INFO | setup_common | Using cached entrypoints-0.4-py3-none-any.whl (5.3 kB)
2025-03-25 15:32:41,272 | sd | INFO | setup_common | Collecting jsonschema>=3.0
2025-03-25 15:32:41,274 | sd | INFO | setup_common | Using cached jsonschema-4.23.0-py3-none-any.whl (88 kB)
2025-03-25 15:32:41,943 | sd | INFO | setup_common | Collecting requests
2025-03-25 15:32:41,950 | sd | INFO | setup_common | Using cached requests-2.32.3-py3-none-any.whl (64 kB)
2025-03-25 15:32:42,582 | sd | INFO | setup_common | Collecting importlib-metadata
2025-03-25 15:32:42,584 | sd | INFO | setup_common | Using cached importlib_metadata-8.6.1-py3-none-any.whl (26 kB)
2025-03-25 15:32:43,440 | sd | INFO | setup_common | Collecting regex!=2019.12.17
2025-03-25 15:32:43,450 | sd | INFO | setup_common | Using cached regex-2024.11.6-cp310-cp310-win_amd64.whl (274 kB)
2025-03-25 15:32:44,092 | sd | INFO | setup_common | Collecting wcwidth>=0.2.5
2025-03-25 15:32:44,094 | sd | INFO | setup_common | Using cached wcwidth-0.2.13-py2.py3-none-any.whl (34 kB)
2025-03-25 15:32:44,790 | sd | INFO | setup_common | Collecting anyio<5.0,>=3.0
2025-03-25 15:32:44,793 | sd | INFO | setup_common | Using cached anyio-4.9.0-py3-none-any.whl (100 kB)
2025-03-25 15:32:45,488 | sd | INFO | setup_common | Collecting starlette<1.0,>=0.40.0
2025-03-25 15:32:45,491 | sd | INFO | setup_common | Using cached starlette-0.46.1-py3-none-any.whl (71 kB)
2025-03-25 15:32:46,140 | sd | INFO | setup_common | Collecting ffmpy
2025-03-25 15:32:46,142 | sd | INFO | setup_common | Using cached ffmpy-0.5.0-py3-none-any.whl (6.0 kB)
2025-03-25 15:32:46,867 | sd | INFO | setup_common | Collecting pydantic>=2.0
2025-03-25 15:32:46,870 | sd | INFO | setup_common | Using cached pydantic-2.10.6-py3-none-any.whl (431 kB)
2025-03-25 15:32:47,506 | sd | INFO | setup_common | Collecting python-multipart==0.0.12
2025-03-25 15:32:47,510 | sd | INFO | setup_common | Using cached python_multipart-0.0.12-py3-none-any.whl (23 kB)
2025-03-25 15:32:47,852 | sd | INFO | setup_common | Collecting fastapi<1.0,>=0.115.2
2025-03-25 15:32:47,854 | sd | INFO | setup_common | Using cached fastapi-0.115.12-py3-none-any.whl (95 kB)
2025-03-25 15:32:48,203 | sd | INFO | setup_common | Collecting markupsafe~=2.0
2025-03-25 15:32:48,281 | sd | INFO | setup_common | Using cached https://download.pytorch.org/whl/MarkupSafe-2.1.5-cp310-cp310-win_amd64.whl (17 kB)
2025-03-25 15:32:48,910 | sd | INFO | setup_common | Collecting pydub
2025-03-25 15:32:48,913 | sd | INFO | setup_common | Using cached pydub-0.25.1-py2.py3-none-any.whl (32 kB)
2025-03-25 15:32:49,242 | sd | INFO | setup_common | Collecting safehttpx<1.0,>=0.1.1
2025-03-25 15:32:49,248 | sd | INFO | setup_common | Using cached safehttpx-0.1.6-py3-none-any.whl (8.7 kB)
2025-03-25 15:32:49,866 | sd | INFO | setup_common | Collecting tomlkit==0.12.0
2025-03-25 15:32:49,869 | sd | INFO | setup_common | Using cached tomlkit-0.12.0-py3-none-any.whl (37 kB)
2025-03-25 15:32:50,192 | sd | INFO | setup_common | Collecting typer<1.0,>=0.12
2025-03-25 15:32:50,194 | sd | INFO | setup_common | Using cached typer-0.15.2-py3-none-any.whl (45 kB)
2025-03-25 15:32:50,515 | sd | INFO | setup_common | Collecting semantic-version~=2.0
2025-03-25 15:32:50,518 | sd | INFO | setup_common | Using cached semantic_version-2.10.0-py2.py3-none-any.whl (15 kB)
2025-03-25 15:32:51,094 | sd | INFO | setup_common | Collecting ruff>=0.2.2
2025-03-25 15:32:51,113 | sd | INFO | setup_common | Using cached ruff-0.11.2-py3-none-win_amd64.whl (11.4 MB)
2025-03-25 15:32:51,489 | sd | INFO | setup_common | Collecting httpx>=0.24.1
2025-03-25 15:32:51,491 | sd | INFO | setup_common | Using cached httpx-0.28.1-py3-none-any.whl (73 kB)
2025-03-25 15:32:52,129 | sd | INFO | setup_common | Collecting gradio-client==1.4.2
2025-03-25 15:32:52,133 | sd | INFO | setup_common | Using cached gradio_client-1.4.2-py3-none-any.whl (319 kB)
2025-03-25 15:32:52,460 | sd | INFO | setup_common | Collecting uvicorn>=0.14.0
2025-03-25 15:32:52,464 | sd | INFO | setup_common | Using cached uvicorn-0.34.0-py3-none-any.whl (62 kB)
2025-03-25 15:32:53,230 | sd | INFO | setup_common | Collecting orjson~=3.0
2025-03-25 15:32:53,238 | sd | INFO | setup_common | Using cached orjson-3.10.16-cp310-cp310-win_amd64.whl (133 kB)
2025-03-25 15:32:53,932 | sd | INFO | setup_common | Collecting tqdm>=4.42.1
2025-03-25 15:32:53,934 | sd | INFO | setup_common | Using cached tqdm-4.67.1-py3-none-any.whl (78 kB)
2025-03-25 15:32:54,603 | sd | INFO | setup_common | Collecting PyWavelets>=1.1.1
2025-03-25 15:32:54,610 | sd | INFO | setup_common | Using cached pywavelets-1.8.0-cp310-cp310-win_amd64.whl (4.2 MB)
2025-03-25 15:32:55,261 | sd | INFO | setup_common | Collecting antlr4-python3-runtime==4.9.*
2025-03-25 15:32:55,264 | sd | INFO | setup_common | Using cached antlr4-python3-runtime-4.9.3.tar.gz (117 kB)
2025-03-25 15:32:55,443 | sd | INFO | setup_common | Preparing metadata (setup.py): started
2025-03-25 15:32:57,040 | sd | INFO | setup_common | Preparing metadata (setup.py): finished with status 'done'
2025-03-25 15:32:57,783 | sd | INFO | setup_common | Collecting lightning-utilities>=0.4.2
2025-03-25 15:32:57,786 | sd | INFO | setup_common | Using cached lightning_utilities-0.14.2-py3-none-any.whl (28 kB)
2025-03-25 15:32:58,419 | sd | INFO | setup_common | Collecting torchmetrics>=0.7.0
2025-03-25 15:32:58,423 | sd | INFO | setup_common | Using cached torchmetrics-1.7.0-py3-none-any.whl (960 kB)
2025-03-25 15:32:59,418 | sd | INFO | setup_common | Collecting tokenizers<0.20,>=0.19
2025-03-25 15:32:59,424 | sd | INFO | setup_common | Using cached tokenizers-0.19.1-cp310-none-win_amd64.whl (2.2 MB)
2025-03-25 15:32:59,791 | sd | INFO | setup_common | Collecting platformdirs
2025-03-25 15:32:59,793 | sd | INFO | setup_common | Using cached platformdirs-4.3.7-py3-none-any.whl (18 kB)
2025-03-25 15:33:00,438 | sd | INFO | setup_common | Collecting click!=8.0.0,>=7.1
2025-03-25 15:33:00,445 | sd | INFO | setup_common | Using cached click-8.1.8-py3-none-any.whl (98 kB)
2025-03-25 15:33:01,104 | sd | INFO | setup_common | Collecting setproctitle
2025-03-25 15:33:01,106 | sd | INFO | setup_common | Using cached setproctitle-1.3.5-cp310-cp310-win_amd64.whl (12 kB)
2025-03-25 15:33:01,749 | sd | INFO | setup_common | Collecting gitpython!=3.1.29,>=1.0.0
2025-03-25 15:33:01,752 | sd | INFO | setup_common | Using cached GitPython-3.1.44-py3-none-any.whl (207 kB)
2025-03-25 15:33:02,372 | sd | INFO | setup_common | Collecting docker-pycreds>=0.4.0
2025-03-25 15:33:02,377 | sd | INFO | setup_common | Using cached docker_pycreds-0.4.0-py2.py3-none-any.whl (9.0 kB)
2025-03-25 15:33:02,742 | sd | INFO | setup_common | Collecting sentry-sdk>=1.0.0
2025-03-25 15:33:02,744 | sd | INFO | setup_common | Using cached sentry_sdk-2.24.1-py2.py3-none-any.whl (336 kB)
2025-03-25 15:33:03,459 | sd | INFO | setup_common | Collecting websockets<13.0,>=10.0
2025-03-25 15:33:03,478 | sd | INFO | setup_common | Using cached websockets-12.0-cp310-cp310-win_amd64.whl (124 kB)
2025-03-25 15:33:04,135 | sd | INFO | setup_common | Collecting mpmath<1.4,>=1.1.0
2025-03-25 15:33:04,218 | sd | INFO | setup_common | Using cached https://download.pytorch.org/whl/mpmath-1.3.0-py3-none-any.whl (536 kB)
2025-03-25 15:33:04,882 | sd | INFO | setup_common | Collecting markdown>=2.6.8
2025-03-25 15:33:04,887 | sd | INFO | setup_common | Using cached Markdown-3.7-py3-none-any.whl (106 kB)
2025-03-25 15:33:05,530 | sd | INFO | setup_common | Collecting werkzeug>=1.0.1
2025-03-25 15:33:05,535 | sd | INFO | setup_common | Using cached werkzeug-3.1.3-py3-none-any.whl (224 kB)
2025-03-25 15:33:05,850 | sd | INFO | setup_common | Collecting absl-py>=0.4
2025-03-25 15:33:05,854 | sd | INFO | setup_common | Using cached absl_py-2.2.0-py3-none-any.whl (276 kB)
2025-03-25 15:33:06,469 | sd | INFO | setup_common | Collecting grpcio>=1.48.2
2025-03-25 15:33:06,479 | sd | INFO | setup_common | Using cached grpcio-1.71.0-cp310-cp310-win_amd64.whl (4.3 MB)
2025-03-25 15:33:07,419 | sd | INFO | setup_common | Collecting tensorboard-data-server<0.8.0,>=0.7.0
2025-03-25 15:33:07,422 | sd | INFO | setup_common | Using cached tensorboard_data_server-0.7.2-py3-none-any.whl (2.4 kB)
2025-03-25 15:33:08,030 | sd | INFO | setup_common | Collecting six>1.9
2025-03-25 15:33:08,037 | sd | INFO | setup_common | Using cached six-1.17.0-py2.py3-none-any.whl (11 kB)
2025-03-25 15:33:08,411 | sd | INFO | setup_common | Collecting termcolor>=1.1.0
2025-03-25 15:33:08,414 | sd | INFO | setup_common | Using cached termcolor-2.5.0-py3-none-any.whl (7.8 kB)
2025-03-25 15:33:09,046 | sd | INFO | setup_common | Collecting google-pasta>=0.1.1
2025-03-25 15:33:09,149 | sd | INFO | setup_common | Using cached google_pasta-0.2.0-py3-none-any.whl (57 kB)
2025-03-25 15:33:09,658 | sd | INFO | setup_common | Collecting gast!=0.5.0,!=0.5.1,!=0.5.2,>=0.2.1
2025-03-25 15:33:09,663 | sd | INFO | setup_common | Using cached gast-0.6.0-py3-none-any.whl (21 kB)
2025-03-25 15:33:10,340 | sd | INFO | setup_common | Collecting wrapt>=1.11.0
2025-03-25 15:33:10,344 | sd | INFO | setup_common | Using cached wrapt-1.17.2-cp310-cp310-win_amd64.whl (38 kB)
2025-03-25 15:33:10,994 | sd | INFO | setup_common | Collecting h5py>=3.11.0
2025-03-25 15:33:11,000 | sd | INFO | setup_common | Using cached h5py-3.13.0-cp310-cp310-win_amd64.whl (3.0 MB)
2025-03-25 15:33:11,642 | sd | INFO | setup_common | Collecting libclang>=13.0.0
2025-03-25 15:33:11,675 | sd | INFO | setup_common | Using cached libclang-18.1.1-py2.py3-none-win_amd64.whl (26.4 MB)
2025-03-25 15:33:12,434 | sd | INFO | setup_common | Collecting tensorflow-io-gcs-filesystem>=0.23.1
2025-03-25 15:33:12,442 | sd | INFO | setup_common | Using cached tensorflow_io_gcs_filesystem-0.31.0-cp310-cp310-win_amd64.whl (1.5 MB)
2025-03-25 15:33:12,784 | sd | INFO | setup_common | Collecting opt-einsum>=2.3.2
2025-03-25 15:33:12,786 | sd | INFO | setup_common | Using cached opt_einsum-3.4.0-py3-none-any.whl (71 kB)
2025-03-25 15:33:13,431 | sd | INFO | setup_common | Collecting ml-dtypes<1.0.0,>=0.5.1
2025-03-25 15:33:13,433 | sd | INFO | setup_common | Using cached ml_dtypes-0.5.1-cp310-cp310-win_amd64.whl (209 kB)
2025-03-25 15:33:14,062 | sd | INFO | setup_common | Collecting keras>=3.5.0
2025-03-25 15:33:14,069 | sd | INFO | setup_common | Using cached keras-3.9.0-py3-none-any.whl (1.3 MB)
2025-03-25 15:33:14,695 | sd | INFO | setup_common | Collecting astunparse>=1.6.0
2025-03-25 15:33:14,697 | sd | INFO | setup_common | Using cached astunparse-1.6.3-py2.py3-none-any.whl (12 kB)
2025-03-25 15:33:15,452 | sd | INFO | setup_common | Collecting idna>=2.8
2025-03-25 15:33:15,455 | sd | INFO | setup_common | Using cached idna-3.10-py3-none-any.whl (70 kB)
2025-03-25 15:33:16,073 | sd | INFO | setup_common | Collecting exceptiongroup>=1.0.2
2025-03-25 15:33:16,076 | sd | INFO | setup_common | Using cached exceptiongroup-1.2.2-py3-none-any.whl (16 kB)
2025-03-25 15:33:16,694 | sd | INFO | setup_common | Collecting sniffio>=1.1
2025-03-25 15:33:16,696 | sd | INFO | setup_common | Using cached sniffio-1.3.1-py3-none-any.whl (10 kB)
2025-03-25 15:33:17,354 | sd | INFO | setup_common | Collecting wheel<1.0,>=0.23.0
2025-03-25 15:33:17,358 | sd | INFO | setup_common | Using cached wheel-0.45.1-py3-none-any.whl (72 kB)
2025-03-25 15:33:17,772 | sd | INFO | setup_common | Collecting colorama
2025-03-25 15:33:17,854 | sd | INFO | setup_common | Using cached https://download.pytorch.org/whl/colorama-0.4.6-py2.py3-none-any.whl (25 kB)
2025-03-25 15:33:18,780 | sd | INFO | setup_common | Collecting aiohttp!=4.0.0a0,!=4.0.0a1
2025-03-25 15:33:18,784 | sd | INFO | setup_common | Using cached aiohttp-3.11.14-cp310-cp310-win_amd64.whl (442 kB)
2025-03-25 15:33:19,433 | sd | INFO | setup_common | Collecting gitdb<5,>=4.0.1
2025-03-25 15:33:19,436 | sd | INFO | setup_common | Using cached gitdb-4.0.12-py3-none-any.whl (62 kB)
2025-03-25 15:33:19,790 | sd | INFO | setup_common | Collecting certifi
2025-03-25 15:33:19,795 | sd | INFO | setup_common | Using cached certifi-2025.1.31-py3-none-any.whl (166 kB)
2025-03-25 15:33:20,449 | sd | INFO | setup_common | Collecting httpcore==1.*
2025-03-25 15:33:20,452 | sd | INFO | setup_common | Using cached httpcore-1.0.7-py3-none-any.whl (78 kB)
2025-03-25 15:33:21,170 | sd | INFO | setup_common | Collecting h11<0.15,>=0.13
2025-03-25 15:33:21,172 | sd | INFO | setup_common | Using cached h11-0.14.0-py3-none-any.whl (58 kB)
2025-03-25 15:33:21,810 | sd | INFO | setup_common | Collecting jsonschema-specifications>=2023.03.6
2025-03-25 15:33:21,818 | sd | INFO | setup_common | Using cached jsonschema_specifications-2024.10.1-py3-none-any.whl (18 kB)
2025-03-25 15:33:22,123 | sd | INFO | setup_common | Collecting attrs>=22.2.0
2025-03-25 15:33:22,129 | sd | INFO | setup_common | Using cached attrs-25.3.0-py3-none-any.whl (63 kB)
2025-03-25 15:33:22,617 | sd | INFO | setup_common | Collecting rpds-py>=0.7.1
2025-03-25 15:33:22,625 | sd | INFO | setup_common | Using cached rpds_py-0.23.1-cp310-cp310-win_amd64.whl (232 kB)
2025-03-25 15:33:23,278 | sd | INFO | setup_common | Collecting referencing>=0.28.4
2025-03-25 15:33:23,280 | sd | INFO | setup_common | Using cached referencing-0.36.2-py3-none-any.whl (26 kB)
2025-03-25 15:33:23,642 | sd | INFO | setup_common | Collecting namex
2025-03-25 15:33:23,653 | sd | INFO | setup_common | Using cached namex-0.0.8-py3-none-any.whl (5.8 kB)
2025-03-25 15:33:23,993 | sd | INFO | setup_common | Collecting optree
2025-03-25 15:33:23,996 | sd | INFO | setup_common | Using cached optree-0.14.1-cp310-cp310-win_amd64.whl (296 kB)
2025-03-25 15:33:24,805 | sd | INFO | setup_common | Collecting tzdata>=2022.7
2025-03-25 15:33:24,807 | sd | INFO | setup_common | Using cached tzdata-2025.2-py2.py3-none-any.whl (347 kB)
2025-03-25 15:33:25,429 | sd | INFO | setup_common | Collecting python-dateutil>=2.8.2
2025-03-25 15:33:25,432 | sd | INFO | setup_common | Using cached python_dateutil-2.9.0.post0-py2.py3-none-any.whl (229 kB)
2025-03-25 15:33:26,122 | sd | INFO | setup_common | Collecting pytz>=2020.1
2025-03-25 15:33:26,125 | sd | INFO | setup_common | Using cached pytz-2025.2-py2.py3-none-any.whl (509 kB)
2025-03-25 15:33:27,226 | sd | INFO | setup_common | Collecting pydantic-core==2.27.2
2025-03-25 15:33:27,230 | sd | INFO | setup_common | Using cached pydantic_core-2.27.2-cp310-cp310-win_amd64.whl (2.0 MB)
2025-03-25 15:33:27,552 | sd | INFO | setup_common | Collecting annotated-types>=0.6.0
2025-03-25 15:33:27,554 | sd | INFO | setup_common | Using cached annotated_types-0.7.0-py3-none-any.whl (13 kB)
2025-03-25 15:33:28,272 | sd | INFO | setup_common | Collecting urllib3<3,>=1.21.1
2025-03-25 15:33:28,275 | sd | INFO | setup_common | Using cached urllib3-2.3.0-py3-none-any.whl (128 kB)
2025-03-25 15:33:28,944 | sd | INFO | setup_common | Collecting charset-normalizer<4,>=2
2025-03-25 15:33:28,946 | sd | INFO | setup_common | Using cached charset_normalizer-3.4.1-cp310-cp310-win_amd64.whl (102 kB)
2025-03-25 15:33:29,798 | sd | INFO | setup_common | Collecting shellingham>=1.3.0
2025-03-25 15:33:29,801 | sd | INFO | setup_common | Using cached shellingham-1.5.4-py2.py3-none-any.whl (9.8 kB)
2025-03-25 15:33:30,165 | sd | INFO | setup_common | Collecting humanfriendly>=9.1
2025-03-25 15:33:30,169 | sd | INFO | setup_common | Using cached humanfriendly-10.0-py2.py3-none-any.whl (86 kB)
2025-03-25 15:33:30,836 | sd | INFO | setup_common | Collecting zipp>=3.20
2025-03-25 15:33:30,905 | sd | INFO | setup_common | Using cached zipp-3.21.0-py3-none-any.whl (9.6 kB)
2025-03-25 15:33:31,536 | sd | INFO | setup_common | Collecting async-timeout<6.0,>=4.0
2025-03-25 15:33:31,538 | sd | INFO | setup_common | Using cached async_timeout-5.0.1-py3-none-any.whl (6.2 kB)
2025-03-25 15:33:31,875 | sd | INFO | setup_common | Collecting frozenlist>=1.1.1
2025-03-25 15:33:31,879 | sd | INFO | setup_common | Using cached frozenlist-1.5.0-cp310-cp310-win_amd64.whl (51 kB)
2025-03-25 15:33:32,581 | sd | INFO | setup_common | Collecting multidict<7.0,>=4.5
2025-03-25 15:33:32,584 | sd | INFO | setup_common | Using cached multidict-6.2.0-cp310-cp310-win_amd64.whl (29 kB)
2025-03-25 15:33:33,204 | sd | INFO | setup_common | Collecting aiosignal>=1.1.2
2025-03-25 15:33:33,206 | sd | INFO | setup_common | Using cached aiosignal-1.3.2-py2.py3-none-any.whl (7.6 kB)
2025-03-25 15:33:33,976 | sd | INFO | setup_common | Collecting yarl<2.0,>=1.17.0
2025-03-25 15:33:33,983 | sd | INFO | setup_common | Using cached yarl-1.18.3-cp310-cp310-win_amd64.whl (90 kB)
2025-03-25 15:33:34,625 | sd | INFO | setup_common | Collecting propcache>=0.2.0
2025-03-25 15:33:34,628 | sd | INFO | setup_common | Using cached propcache-0.3.0-cp310-cp310-win_amd64.whl (44 kB)
2025-03-25 15:33:35,260 | sd | INFO | setup_common | Collecting aiohappyeyeballs>=2.3.0
2025-03-25 15:33:35,262 | sd | INFO | setup_common | Using cached aiohappyeyeballs-2.6.1-py3-none-any.whl (15 kB)
2025-03-25 15:33:35,947 | sd | INFO | setup_common | Collecting smmap<6,>=3.0.1
2025-03-25 15:33:35,949 | sd | INFO | setup_common | Using cached smmap-5.0.2-py3-none-any.whl (24 kB)
2025-03-25 15:33:36,289 | sd | INFO | setup_common | Collecting pyreadline3
2025-03-25 15:33:36,290 | sd | INFO | setup_common | Using cached pyreadline3-3.5.4-py3-none-any.whl (83 kB)
2025-03-25 15:33:37,616 | sd | INFO | setup_common | Installing collected packages: wcwidth, voluptuous, tk, sentencepiece, pytz, pydub, namex, mpmath, library, libclang, flatbuffers, easygui, antlr4-python3-runtime, zipp, wrapt, wheel, websockets, urllib3, tzdata, toolz, tomlkit, toml, termcolor, tensorflow-io-gcs-filesystem, tensorboard-data-server, sympy, sniffio, smmap, six, shellingham, setproctitle, semantic-version, schedulefree, safetensors, ruff, rpds-py, regex, pyyaml, python-multipart, pyreadline3, pydantic-core, psutil, protobuf, propcache, prodigyopt, platformdirs, pillow, orjson, optree, opt-einsum, numpy, networkx, multidict, markupsafe, markdown, lightning-utilities, imagesize, idna, h11, grpcio, gast, ftfy, fsspec, frozenlist, filelock, ffmpy, exceptiongroup, entrypoints, einops, dadaptation, colorama, charset-normalizer, certifi, attrs, async-timeout, annotated-types, aiohappyeyeballs, aiofiles, absl-py, yarl, werkzeug, tqdm, sentry-sdk, scipy, requests, referencing, PyWavelets, python-dateutil, pydantic, opencv-python, onnx, omegaconf, ml-dtypes, jinja2, importlib-metadata, humanfriendly, httpcore, h5py, google-pasta, gitdb, docker-pycreds, click, astunparse, anyio, aiosignal, uvicorn, typer, torch, tensorboard, starlette, pandas, keras, jsonschema-specifications, huggingface-hub, httpx, gitpython, coloredlogs, aiohttp, xformers, wandb, torchvision, torchmetrics, tokenizers, tensorflow, safehttpx, prodigy-plus-schedule-free, onnxruntime-gpu, lycoris_lora, lion-pytorch, jsonschema, invisible-watermark, gradio-client, fastapi, fairscale, diffusers, bitsandbytes, accelerate, transformers, timm, pytorch-lightning, gradio, altair, open-clip-torch
2025-03-25 15:33:52,360 | sd | INFO | setup_common | Running setup.py develop for library
2025-03-25 15:33:56,836 | sd | INFO | setup_common | Running setup.py install for antlr4-python3-runtime: started
2025-03-25 15:34:01,102 | sd | INFO | setup_common | Running setup.py install for antlr4-python3-runtime: finished with status 'done'
2025-03-25 15:42:05,496 | sd | INFO | setup_common | Running setup.py install for lycoris_lora: started
2025-03-25 15:42:06,680 | sd | INFO | setup_common | Running setup.py install for lycoris_lora: finished with status 'done'
2025-03-25 15:43:09,305 | sd | INFO | setup_common | Successfully installed PyWavelets-1.8.0 absl-py-2.2.0 accelerate-0.33.0 aiofiles-23.2.1 aiohappyeyeballs-2.6.1 aiohttp-3.11.14 aiosignal-1.3.2 altair-4.2.2 annotated-types-0.7.0 antlr4-python3-runtime-4.9.3 anyio-4.9.0 astunparse-1.6.3 async-timeout-5.0.1 attrs-25.3.0 bitsandbytes-0.44.0 certifi-2025.1.31 charset-normalizer-3.4.1 click-8.1.8 colorama-0.4.6 coloredlogs-15.0.1 dadaptation-3.2 diffusers-0.25.0 docker-pycreds-0.4.0 easygui-0.98.3 einops-0.7.0 entrypoints-0.4 exceptiongroup-1.2.2 fairscale-0.4.13 fastapi-0.115.12 ffmpy-0.5.0 filelock-3.18.0 flatbuffers-25.2.10 frozenlist-1.5.0 fsspec-2025.3.0 ftfy-6.1.1 gast-0.6.0 gitdb-4.0.12 gitpython-3.1.44 google-pasta-0.2.0 gradio-5.4.0 gradio-client-1.4.2 grpcio-1.71.0 h11-0.14.0 h5py-3.13.0 httpcore-1.0.7 httpx-0.28.1 huggingface-hub-0.25.2 humanfriendly-10.0 idna-3.10 imagesize-1.4.1 importlib-metadata-8.6.1 invisible-watermark-0.2.0 jinja2-3.1.6 jsonschema-4.23.0 jsonschema-specifications-2024.10.1 keras-3.9.0 libclang-18.1.1 library-0.0.0 lightning-utilities-0.14.2 lion-pytorch-0.0.6 lycoris_lora-3.1.0 markdown-3.7 markupsafe-2.1.5 ml-dtypes-0.5.1 mpmath-1.3.0 multidict-6.2.0 namex-0.0.8 networkx-3.4.2 numpy-1.26.4 omegaconf-2.3.0 onnx-1.16.1 onnxruntime-gpu-1.19.2 open-clip-torch-2.20.0 opencv-python-4.10.0.84 opt-einsum-3.4.0 optree-0.14.1 orjson-3.10.16 pandas-2.2.3 pillow-11.1.0 platformdirs-4.3.7 prodigy-plus-schedule-free-1.8.0 prodigyopt-1.0 propcache-0.3.0 protobuf-3.20.3 psutil-7.0.0 pydantic-2.10.6 pydantic-core-2.27.2 pydub-0.25.1 pyreadline3-3.5.4 python-dateutil-2.9.0.post0 python-multipart-0.0.12 pytorch-lightning-1.9.0 pytz-2025.2 pyyaml-6.0.2 referencing-0.36.2 regex-2024.11.6 requests-2.32.3 rpds-py-0.23.1 ruff-0.11.2 safehttpx-0.1.6 safetensors-0.4.4 schedulefree-1.4 scipy-1.11.4 semantic-version-2.10.0 sentencepiece-0.2.0 sentry-sdk-2.24.1 setproctitle-1.3.5 shellingham-1.5.4 six-1.17.0 smmap-5.0.2 sniffio-1.3.1 starlette-0.46.1 sympy-1.13.1 tensorboard-2.19.0 tensorboard-data-server-0.7.2 tensorflow-2.19.0 tensorflow-io-gcs-filesystem-0.31.0 termcolor-2.5.0 timm-0.6.12 tk-0.1.0 tokenizers-0.19.1 toml-0.10.2 tomlkit-0.12.0 toolz-1.0.0 torch-2.5.0+cu124 torchmetrics-1.7.0 torchvision-0.20.0+cu124 tqdm-4.67.1 transformers-4.44.2 typer-0.15.2 tzdata-2025.2 urllib3-2.3.0 uvicorn-0.34.0 voluptuous-0.13.1 wandb-0.18.0 wcwidth-0.2.13 websockets-12.0 werkzeug-3.1.3 wheel-0.45.1 wrapt-1.17.2 xformers-0.0.28.post2 yarl-1.18.3 zipp-3.21.0
2025-03-25 15:46:26,573 | sd | INFO | setup_windows | Installing nvidia-cudnn-cu11 8.9.5.29...
2025-03-25 15:46:26,575 | sd | INFO | setup_common | Installing package: nvidia-cudnn-cu11==8.9.5.29
2025-03-25 15:50:37,486 | sd | INFO | setup_windows | Copying CUDNN files from D:\Finetune\Finetune\venv\Lib\site-packages\nvidia\cudnn\bin to D:\Finetune\Finetune\venv\Lib\site-packages\torch\lib...
2025-03-25 15:51:07,424 | sd | INFO | setup_windows | Copied CUDNN .dll files to destination
